0 info it worked if it ends with ok
1 verbose cli [ '/usr/bin/nodejs', '/usr/bin/npm', 'install', 'js-bson' ]
2 info using npm@1.3.10
3 info using node@v0.10.25
4 warn package.json mgo-test@1.0.0 No repository field.
5 warn package.json mgo-test@1.0.0 No README data
6 verbose readDependencies using package.json deps
7 verbose cache add [ 'js-bson', null ]
8 verbose cache add name=undefined spec="js-bson" args=["js-bson",null]
9 verbose parsed url { protocol: null,
9 verbose parsed url   slashes: null,
9 verbose parsed url   auth: null,
9 verbose parsed url   host: null,
9 verbose parsed url   port: null,
9 verbose parsed url   hostname: null,
9 verbose parsed url   hash: null,
9 verbose parsed url   search: null,
9 verbose parsed url   query: null,
9 verbose parsed url   pathname: 'js-bson',
9 verbose parsed url   path: 'js-bson',
9 verbose parsed url   href: 'js-bson' }
10 silly lockFile 39987484-js-bson js-bson
11 verbose lock js-bson /home/abrar/.npm/39987484-js-bson.lock
12 silly lockFile 39987484-js-bson js-bson
13 silly lockFile 39987484-js-bson js-bson
14 verbose addNamed [ 'js-bson', '' ]
15 verbose addNamed [ null, '*' ]
16 silly lockFile a5c0f890-js-bson js-bson@
17 verbose lock js-bson@ /home/abrar/.npm/a5c0f890-js-bson.lock
18 silly addNameRange { name: 'js-bson', range: '*', hasData: false }
19 verbose url raw js-bson
20 verbose url resolving [ 'https://registry.npmjs.org/', './js-bson' ]
21 verbose url resolved https://registry.npmjs.org/js-bson
22 info trying registry request attempt 1 at 19:21:00
23 http GET https://registry.npmjs.org/js-bson
24 http 404 https://registry.npmjs.org/js-bson
25 silly registry.get cb [ 404,
25 silly registry.get   { date: 'Sat, 02 Aug 2014 02:21:01 GMT',
25 silly registry.get     server: 'CouchDB/1.5.0 (Erlang OTP/R16B03)',
25 silly registry.get     'content-type': 'application/json',
25 silly registry.get     'cache-control': 'max-age=0',
25 silly registry.get     'content-length': '52',
25 silly registry.get     'accept-ranges': 'bytes',
25 silly registry.get     via: '1.1 varnish',
25 silly registry.get     age: '0',
25 silly registry.get     'x-served-by': 'cache-sjc3126-SJC',
25 silly registry.get     'x-cache': 'MISS',
25 silly registry.get     'x-cache-hits': '0',
25 silly registry.get     'x-timer': 'S1406946061.046099,VS0,VE354',
25 silly registry.get     'keep-alive': 'timeout=10, max=50',
25 silly registry.get     connection: 'Keep-Alive' } ]
26 silly lockFile a5c0f890-js-bson js-bson@
27 silly lockFile a5c0f890-js-bson js-bson@
28 error 404 'js-bson' is not in the npm registry.
28 error 404 You should bug the author to publish it
28 error 404
28 error 404 Note that you can also install from a
28 error 404 tarball, folder, or http url, or git url.
29 error System Linux 3.13.0-32-generic
30 error command "/usr/bin/nodejs" "/usr/bin/npm" "install" "js-bson"
31 error cwd /var/www/mgo-api-test
32 error node -v v0.10.25
33 error npm -v 1.3.10
34 error code E404
35 verbose exit [ 1, true ]
